<?xml version="1.0" encoding="UTF-8"?>
<!-- Generated by org.testng.reporters.JUnitReportReporter -->
<testsuite hostname="Anu" failures="0" tests="1" name="com.testRun.salesForceLoginTest" time="2.230" errors="0" timestamp="2024-01-28T21:16:06 IST" skipped="0">
  <testcase classname="com.testRun.salesForceLoginTest" name="loginToSalesForce" time="2.230"/>
  <system-out/>
</testsuite> <!-- com.testRun.salesForceLoginTest -->
