<?xml version="1.0" encoding="UTF-8"?>
<!-- Generated by org.testng.reporters.JUnitReportReporter -->
<testsuite hostname="Anu" failures="0" tests="1" name="com.testRun.testPrintHi" time="0.012" errors="0" timestamp="2024-01-26T00:49:52 IST" skipped="0">
  <testcase classname="com.testRun.testPrintHi" name="printHiMessage" time="0.012"/>
  <system-out/>
</testsuite> <!-- com.testRun.testPrintHi -->
